{"D:\\HocTap\\Nam 4-HKI\\TLCN\\Back-End\\Basic Nodejs\\TLCN-Back-End-Nodejs-Epxress\\app\\controllers\\articleController.js": {"path":"D:\\HocTap\\Nam 4-HKI\\TLCN\\Back-End\\Basic Nodejs\\TLCN-Back-End-Nodejs-Epxress\\app\\controllers\\articleController.js","statementMap":{"0":{"start":{"line":1,"column":17},"end":{"line":1,"column":39}},"1":{"start":{"line":2,"column":11},"end":{"line":2,"column":42}},"2":{"start":{"line":3,"column":15},"end":{"line":3,"column":46}},"3":{"start":{"line":4,"column":53},"end":{"line":4,"column":72}},"4":{"start":{"line":5,"column":19},"end":{"line":5,"column":40}},"5":{"start":{"line":6,"column":0},"end":{"line":10,"column":2}},"6":{"start":{"line":12,"column":0},"end":{"line":57,"column":1}},"7":{"start":{"line":15,"column":16},"end":{"line":15,"column":38}},"8":{"start":{"line":16,"column":2},"end":{"line":16,"column":21}},"9":{"start":{"line":19,"column":2},"end":{"line":27,"column":4}},"10":{"start":{"line":24,"column":6},"end":{"line":24,"column":33}},"11":{"start":{"line":30,"column":2},"end":{"line":41,"column":3}},"12":{"start":{"line":30,"column":15},"end":{"line":30,"column":16}},"13":{"start":{"line":31,"column":4},"end":{"line":40,"column":6}},"14":{"start":{"line":38,"column":8},"end":{"line":38,"column":55}},"15":{"start":{"line":44,"column":2},"end":{"line":56,"column":4}},"16":{"start":{"line":45,"column":4},"end":{"line":49,"column":5}},"17":{"start":{"line":46,"column":6},"end":{"line":48,"column":7}},"18":{"start":{"line":50,"column":4},"end":{"line":55,"column":5}},"19":{"start":{"line":51,"column":6},"end":{"line":54,"column":8}},"20":{"start":{"line":59,"column":0},"end":{"line":65,"column":1}},"21":{"start":{"line":60,"column":21},"end":{"line":60,"column":50}},"22":{"start":{"line":61,"column":2},"end":{"line":64,"column":7}},"23":{"start":{"line":66,"column":0},"end":{"line":79,"column":1}},"24":{"start":{"line":67,"column":3},"end":{"line":78,"column":2}},"25":{"start":{"line":68,"column":6},"end":{"line":77,"column":7}},"26":{"start":{"line":69,"column":9},"end":{"line":71,"column":10}},"27":{"start":{"line":73,"column":8},"end":{"line":76,"column":10}},"28":{"start":{"line":81,"column":0},"end":{"line":97,"column":1}},"29":{"start":{"line":82,"column":16},"end":{"line":82,"column":24}},"30":{"start":{"line":83,"column":2},"end":{"line":96,"column":4}},"31":{"start":{"line":84,"column":4},"end":{"line":89,"column":5}},"32":{"start":{"line":85,"column":4},"end":{"line":88,"column":8}},"33":{"start":{"line":90,"column":4},"end":{"line":95,"column":5}},"34":{"start":{"line":91,"column":4},"end":{"line":94,"column":8}},"35":{"start":{"line":98,"column":0},"end":{"line":117,"column":1}},"36":{"start":{"line":99,"column":2},"end":{"line":103,"column":3}},"37":{"start":{"line":100,"column":4},"end":{"line":102,"column":6}},"38":{"start":{"line":104,"column":2},"end":{"line":116,"column":4}},"39":{"start":{"line":105,"column":4},"end":{"line":110,"column":5}},"40":{"start":{"line":106,"column":6},"end":{"line":109,"column":8}},"41":{"start":{"line":111,"column":4},"end":{"line":115,"column":5}},"42":{"start":{"line":112,"column":6},"end":{"line":114,"column":8}}},"fnMap":{"0":{"name":"(anonymous_0)","decl":{"start":{"line":12,"column":24},"end":{"line":12,"column":25}},"loc":{"start":{"line":12,"column":56},"end":{"line":57,"column":1}},"line":12},"1":{"name":"(anonymous_1)","decl":{"start":{"line":19,"column":55},"end":{"line":19,"column":56}},"loc":{"start":{"line":19,"column":78},"end":{"line":27,"column":3}},"line":19},"2":{"name":"(anonymous_2)","decl":{"start":{"line":32,"column":6},"end":{"line":32,"column":7}},"loc":{"start":{"line":32,"column":29},"end":{"line":40,"column":5}},"line":32},"3":{"name":"(anonymous_3)","decl":{"start":{"line":44,"column":45},"end":{"line":44,"column":46}},"loc":{"start":{"line":44,"column":64},"end":{"line":56,"column":3}},"line":44},"4":{"name":"(anonymous_4)","decl":{"start":{"line":59,"column":24},"end":{"line":59,"column":25}},"loc":{"start":{"line":59,"column":56},"end":{"line":65,"column":1}},"line":59},"5":{"name":"(anonymous_5)","decl":{"start":{"line":66,"column":26},"end":{"line":66,"column":27}},"loc":{"start":{"line":66,"column":56},"end":{"line":79,"column":1}},"line":66},"6":{"name":"(anonymous_6)","decl":{"start":{"line":67,"column":62},"end":{"line":67,"column":63}},"loc":{"start":{"line":67,"column":88},"end":{"line":78,"column":1}},"line":67},"7":{"name":"(anonymous_7)","decl":{"start":{"line":81,"column":28},"end":{"line":81,"column":29}},"loc":{"start":{"line":81,"column":58},"end":{"line":97,"column":1}},"line":81},"8":{"name":"(anonymous_8)","decl":{"start":{"line":83,"column":108},"end":{"line":83,"column":109}},"loc":{"start":{"line":83,"column":121},"end":{"line":96,"column":3}},"line":83},"9":{"name":"(anonymous_9)","decl":{"start":{"line":98,"column":28},"end":{"line":98,"column":29}},"loc":{"start":{"line":98,"column":51},"end":{"line":117,"column":1}},"line":98},"10":{"name":"(anonymous_10)","decl":{"start":{"line":104,"column":69},"end":{"line":104,"column":70}},"loc":{"start":{"line":104,"column":79},"end":{"line":116,"column":3}},"line":104}},"branchMap":{"0":{"loc":{"start":{"line":45,"column":4},"end":{"line":49,"column":5}},"type":"if","locations":[{"start":{"line":45,"column":4},"end":{"line":49,"column":5}},{"start":{"line":45,"column":4},"end":{"line":49,"column":5}}],"line":45},"1":{"loc":{"start":{"line":50,"column":4},"end":{"line":55,"column":5}},"type":"if","locations":[{"start":{"line":50,"column":4},"end":{"line":55,"column":5}},{"start":{"line":50,"column":4},"end":{"line":55,"column":5}}],"line":50},"2":{"loc":{"start":{"line":68,"column":6},"end":{"line":77,"column":7}},"type":"if","locations":[{"start":{"line":68,"column":6},"end":{"line":77,"column":7}},{"start":{"line":68,"column":6},"end":{"line":77,"column":7}}],"line":68},"3":{"loc":{"start":{"line":84,"column":4},"end":{"line":89,"column":5}},"type":"if","locations":[{"start":{"line":84,"column":4},"end":{"line":89,"column":5}},{"start":{"line":84,"column":4},"end":{"line":89,"column":5}}],"line":84},"4":{"loc":{"start":{"line":90,"column":4},"end":{"line":95,"column":5}},"type":"if","locations":[{"start":{"line":90,"column":4},"end":{"line":95,"column":5}},{"start":{"line":90,"column":4},"end":{"line":95,"column":5}}],"line":90},"5":{"loc":{"start":{"line":99,"column":2},"end":{"line":103,"column":3}},"type":"if","locations":[{"start":{"line":99,"column":2},"end":{"line":103,"column":3}},{"start":{"line":99,"column":2},"end":{"line":103,"column":3}}],"line":99},"6":{"loc":{"start":{"line":105,"column":4},"end":{"line":110,"column":5}},"type":"if","locations":[{"start":{"line":105,"column":4},"end":{"line":110,"column":5}},{"start":{"line":105,"column":4},"end":{"line":110,"column":5}}],"line":105},"7":{"loc":{"start":{"line":111,"column":4},"end":{"line":115,"column":5}},"type":"if","locations":[{"start":{"line":111,"column":4},"end":{"line":115,"column":5}},{"start":{"line":111,"column":4},"end":{"line":115,"column":5}}],"line":111}},"s":{"0":1,"1":1,"2":1,"3":1,"4":1,"5":1,"6":1,"7":0,"8":0,"9":0,"10":0,"11":0,"12":0,"13":0,"14":0,"15":0,"16":0,"17":0,"18":0,"19":0,"20":1,"21":1,"22":0,"23":1,"24":0,"25":0,"26":0,"27":0,"28":1,"29":0,"30":0,"31":0,"32":0,"33":0,"34":0,"35":1,"36":0,"37":0,"38":0,"39":0,"40":0,"41":0,"42":0},"f":{"0":0,"1":0,"2":0,"3":0,"4":1,"5":0,"6":0,"7":0,"8":0,"9":0,"10":0},"b":{"0":[0,0],"1":[0,0],"2":[0,0],"3":[0,0],"4":[0,0],"5":[0,0],"6":[0,0],"7":[0,0]},"_coverageSchema":"1a1c01bbd47fc00a2c39e90264f33305004495a9","hash":"dbbd82a79b589f73cb94f15d3e5d85991b8ee11a"}
,"D:\\HocTap\\Nam 4-HKI\\TLCN\\Back-End\\Basic Nodejs\\TLCN-Back-End-Nodejs-Epxress\\app\\middleware\\upload.js": {"path":"D:\\HocTap\\Nam 4-HKI\\TLCN\\Back-End\\Basic Nodejs\\TLCN-Back-End-Nodejs-Epxress\\app\\middleware\\upload.js","statementMap":{"0":{"start":{"line":1,"column":13},"end":{"line":1,"column":28}},"1":{"start":{"line":2,"column":13},"end":{"line":2,"column":28}},"2":{"start":{"line":3,"column":15},"end":{"line":3,"column":32}},"3":{"start":{"line":5,"column":14},"end":{"line":22,"column":2}},"4":{"start":{"line":8,"column":4},"end":{"line":8,"column":63}},"5":{"start":{"line":13,"column":15},"end":{"line":13,"column":42}},"6":{"start":{"line":14,"column":4},"end":{"line":17,"column":5}},"7":{"start":{"line":15,"column":22},"end":{"line":15,"column":124}},"8":{"start":{"line":16,"column":6},"end":{"line":16,"column":39}},"9":{"start":{"line":19,"column":19},"end":{"line":19,"column":64}},"10":{"start":{"line":20,"column":4},"end":{"line":20,"column":29}},"11":{"start":{"line":25,"column":22},"end":{"line":25,"column":65}},"12":{"start":{"line":27,"column":13},"end":{"line":27,"column":44}},"13":{"start":{"line":28,"column":0},"end":{"line":28,"column":24}}},"fnMap":{"0":{"name":"(anonymous_0)","decl":{"start":{"line":7,"column":15},"end":{"line":7,"column":16}},"loc":{"start":{"line":7,"column":40},"end":{"line":9,"column":3}},"line":7},"1":{"name":"(anonymous_1)","decl":{"start":{"line":10,"column":12},"end":{"line":10,"column":13}},"loc":{"start":{"line":10,"column":37},"end":{"line":21,"column":3}},"line":10}},"branchMap":{"0":{"loc":{"start":{"line":14,"column":4},"end":{"line":17,"column":5}},"type":"if","locations":[{"start":{"line":14,"column":4},"end":{"line":17,"column":5}},{"start":{"line":14,"column":4},"end":{"line":17,"column":5}}],"line":14}},"s":{"0":1,"1":1,"2":1,"3":1,"4":0,"5":0,"6":0,"7":0,"8":0,"9":0,"10":0,"11":1,"12":1,"13":1},"f":{"0":0,"1":0},"b":{"0":[0,0]},"_coverageSchema":"1a1c01bbd47fc00a2c39e90264f33305004495a9","hash":"9a52dd50719d111ddb75db5736877dfc3f1d151e"}
,"D:\\HocTap\\Nam 4-HKI\\TLCN\\Back-End\\Basic Nodejs\\TLCN-Back-End-Nodejs-Epxress\\app\\models\\mainModels.js": {"path":"D:\\HocTap\\Nam 4-HKI\\TLCN\\Back-End\\Basic Nodejs\\TLCN-Back-End-Nodejs-Epxress\\app\\models\\mainModels.js","statementMap":{"0":{"start":{"line":1,"column":17},"end":{"line":1,"column":36}},"1":{"start":{"line":2,"column":15},"end":{"line":2,"column":30}},"2":{"start":{"line":4,"column":17},"end":{"line":6,"column":2}},"3":{"start":{"line":8,"column":16},"end":{"line":24,"column":2}},"4":{"start":{"line":26,"column":18},"end":{"line":28,"column":2}},"5":{"start":{"line":29,"column":17},"end":{"line":37,"column":2}},"6":{"start":{"line":39,"column":20},"end":{"line":49,"column":2}},"7":{"start":{"line":50,"column":18},"end":{"line":53,"column":2}},"8":{"start":{"line":55,"column":24},"end":{"line":57,"column":2}},"9":{"start":{"line":58,"column":20},"end":{"line":71,"column":2}},"10":{"start":{"line":73,"column":20},"end":{"line":80,"column":2}},"11":{"start":{"line":82,"column":17},"end":{"line":82,"column":51}},"12":{"start":{"line":83,"column":17},"end":{"line":83,"column":48}},"13":{"start":{"line":84,"column":18},"end":{"line":84,"column":53}},"14":{"start":{"line":85,"column":17},"end":{"line":85,"column":51}},"15":{"start":{"line":86,"column":24},"end":{"line":86,"column":69}},"16":{"start":{"line":87,"column":18},"end":{"line":87,"column":53}},"17":{"start":{"line":88,"column":20},"end":{"line":88,"column":60}},"18":{"start":{"line":89,"column":20},"end":{"line":89,"column":60}},"19":{"start":{"line":91,"column":0},"end":{"line":100,"column":2}}},"fnMap":{},"branchMap":{},"s":{"0":1,"1":1,"2":1,"3":1,"4":1,"5":1,"6":1,"7":1,"8":1,"9":1,"10":1,"11":1,"12":1,"13":1,"14":1,"15":1,"16":1,"17":1,"18":1,"19":1},"f":{},"b":{},"_coverageSchema":"1a1c01bbd47fc00a2c39e90264f33305004495a9","hash":"1004beb6d26c153b12b17f21782601d5b9cf287f"}
}
