TN:
SF:app\controllers\articleController.js
FN:12,(anonymous_0)
FN:19,(anonymous_1)
FN:32,(anonymous_2)
FN:44,(anonymous_3)
FN:59,(anonymous_4)
FN:66,(anonymous_5)
FN:67,(anonymous_6)
FN:81,(anonymous_7)
FN:83,(anonymous_8)
FN:98,(anonymous_9)
FN:104,(anonymous_10)
FNF:11
FNH:1
FNDA:0,(anonymous_0)
FNDA:0,(anonymous_1)
FNDA:0,(anonymous_2)
FNDA:0,(anonymous_3)
FNDA:1,(anonymous_4)
FNDA:0,(anonymous_5)
FNDA:0,(anonymous_6)
FNDA:0,(anonymous_7)
FNDA:0,(anonymous_8)
FNDA:0,(anonymous_9)
FNDA:0,(anonymous_10)
DA:1,1
DA:2,1
DA:3,1
DA:4,1
DA:5,1
DA:6,1
DA:12,1
DA:15,0
DA:16,0
DA:19,0
DA:24,0
DA:30,0
DA:31,0
DA:38,0
DA:44,0
DA:45,0
DA:46,0
DA:50,0
DA:51,0
DA:59,1
DA:60,1
DA:61,0
DA:66,1
DA:67,0
DA:68,0
DA:69,0
DA:73,0
DA:81,1
DA:82,0
DA:83,0
DA:84,0
DA:85,0
DA:90,0
DA:91,0
DA:98,1
DA:99,0
DA:100,0
DA:104,0
DA:105,0
DA:106,0
DA:111,0
DA:112,0
LF:42
LH:12
BRDA:45,0,0,0
BRDA:45,0,1,0
BRDA:50,1,0,0
BRDA:50,1,1,0
BRDA:68,2,0,0
BRDA:68,2,1,0
BRDA:84,3,0,0
BRDA:84,3,1,0
BRDA:90,4,0,0
BRDA:90,4,1,0
BRDA:99,5,0,0
BRDA:99,5,1,0
BRDA:105,6,0,0
BRDA:105,6,1,0
BRDA:111,7,0,0
BRDA:111,7,1,0
BRF:16
BRH:0
end_of_record
TN:
SF:app\middleware\upload.js
FN:7,(anonymous_0)
FN:10,(anonymous_1)
FNF:2
FNH:0
FNDA:0,(anonymous_0)
FNDA:0,(anonymous_1)
DA:1,1
DA:2,1
DA:3,1
DA:5,1
DA:8,0
DA:13,0
DA:14,0
DA:15,0
DA:16,0
DA:19,0
DA:20,0
DA:25,1
DA:27,1
DA:28,1
LF:14
LH:7
BRDA:14,0,0,0
BRDA:14,0,1,0
BRF:2
BRH:0
end_of_record
TN:
SF:app\models\mainModels.ts
FNF:0
FNH:0
DA:1,1
DA:2,1
DA:4,1
DA:8,1
DA:26,1
DA:29,1
DA:39,1
DA:50,1
DA:55,1
DA:58,1
DA:73,1
DA:82,1
DA:83,1
DA:84,1
DA:85,1
DA:86,1
DA:87,1
DA:88,1
DA:89,1
DA:91,1
LF:20
LH:20
BRF:0
BRH:0
end_of_record
